  lodepng.cpp
  main_file.cpp
C:\Users\patka\Grafika vol 3\LiquorStore\main_file.cpp(242,20): warning C4018: "<": niezgodność typu ze znakiem/bez znaku
C:\Users\patka\Grafika vol 3\LiquorStore\main_file.cpp(261,20): warning C4018: "<": niezgodność typu ze znakiem/bez znaku
C:\Users\patka\Grafika vol 3\LiquorStore\main_file.cpp(264,21): warning C4018: "<": niezgodność typu ze znakiem/bez znaku
C:\Users\patka\Grafika vol 3\LiquorStore\main_file.cpp(439,32): warning C4244: "argument": konwersja z "genType" do "float", możliwa utrata danych
          with
          [
              genType=double
          ]
C:\Users\patka\Grafika vol 3\LiquorStore\main_file.cpp(447,51): warning C4305: "argument": obcięcie z "double" do "GLfloat"
C:\Users\patka\Grafika vol 3\LiquorStore\main_file.cpp(459,51): warning C4305: "argument": obcięcie z "double" do "GLfloat"
C:\Users\patka\Grafika vol 3\LiquorStore\main_file.cpp(474,60): warning C4305: "argument": obcięcie z "double" do "GLfloat"
C:\Users\patka\Grafika vol 3\LiquorStore\main_file.cpp(484,53): warning C4305: "argument": obcięcie z "double" do "GLfloat"
C:\Users\patka\Grafika vol 3\LiquorStore\main_file.cpp(496,58): warning C4305: "argument": obcięcie z "double" do "GLfloat"
C:\Users\patka\Grafika vol 3\LiquorStore\main_file.cpp(505,52): warning C4305: "argument": obcięcie z "double" do "GLfloat"
C:\Users\patka\Grafika vol 3\LiquorStore\main_file.cpp(683,35): warning C4244: "+=": konwersja z "double" do "float", możliwa utrata danych
C:\Users\patka\Grafika vol 3\LiquorStore\main_file.cpp(684,35): warning C4244: "+=": konwersja z "double" do "float", możliwa utrata danych
  model.cpp
  shaderprogram.cpp
  sphere.cpp
  teapot.cpp
  torus.cpp
  Generowanie kodu...
  LINK : nie znaleziono elementu C:\Users\patka\Grafika vol 3\LiquorStore\Debug\bio_szkielet_01_win.exe ani nie został on skompilowany podczas ostatniego konsolidowania przyrostowego; zostanie wykonana pełna konsolidacja
  bio_szkielet_01_win.vcxproj -> C:\Users\patka\Grafika vol 3\LiquorStore\Debug\bio_szkielet_01_win.exe
